<?xml version="1.0" encoding="UTF-8"?>
<!-- Generated by org.testng.reporters.JUnitReportReporter -->
<testsuite hostname="Chris-Dixon-MacBook-Pro.local" failures="0" tests="12" name="com.tutorial.testing.testng.tests.AnnotationsTest" time="0.015" errors="0" timestamp="2025-09-06T13:33:48 EDT" skipped="0">
  <testcase classname="com.tutorial.testing.testng.tests.AnnotationsTest" name="search_v2_featureFlag_controlsBehavior" time="0.008"/>
  <testcase classname="com.tutorial.testing.testng.tests.AnnotationsTest" name="user_creation_invalidEmail_rejected" time="0.001"/>
  <testcase classname="com.tutorial.testing.testng.tests.AnnotationsTest" name="admin_only_privilegedAction_requiresLogin" time="0.000"/>
  <testcase classname="com.tutorial.testing.testng.tests.AnnotationsTest" name="login_allRoles_happyPath" time="0.003"/>
  <testcase classname="com.tutorial.testing.testng.tests.AnnotationsTest" name="login_allRoles_happyPath" time="0.000"/>
  <testcase classname="com.tutorial.testing.testng.tests.AnnotationsTest" name="login_allRoles_happyPath" time="0.001"/>
  <testcase classname="com.tutorial.testing.testng.tests.AnnotationsTest" name="user_creation_invalidEmail_rejected" time="0.001"/>
  <testcase classname="com.tutorial.testing.testng.tests.AnnotationsTest" name="user_creation_invalidEmail_rejected" time="0.000"/>
  <testcase classname="com.tutorial.testing.testng.tests.AnnotationsTest" name="login_lockout_afterThreeFailures" time="0.000"/>
  <testcase classname="com.tutorial.testing.testng.tests.AnnotationsTest" name="payment_charge_transientFlakes_areRetried" time="0.000"/>
  <testcase classname="com.tutorial.testing.testng.tests.AnnotationsTest" name="user_creation_invalidEmail_rejected" time="0.001"/>
  <testcase classname="com.tutorial.testing.testng.tests.AnnotationsTest" name="user_creation_invalidEmail_rejected" time="0.000"/>
</testsuite> <!-- com.tutorial.testing.testng.tests.AnnotationsTest -->
