<?xml version="1.0" encoding="UTF-8"?>
<!-- Generated by org.testng.reporters.JUnitReportReporter -->
<testsuite hostname="Chris-Dixon-MacBook-Pro.local" failures="0" tests="2" name="com.tutorial.testing.testng.tests.DependenciesTest" time="0.000" errors="0" timestamp="2025-09-06T13:33:48 EDT" skipped="0">
  <testcase classname="com.tutorial.testing.testng.tests.DependenciesTest" name="stepB" time="0.000"/>
  <testcase classname="com.tutorial.testing.testng.tests.DependenciesTest" name="stepA" time="0.000"/>
</testsuite> <!-- com.tutorial.testing.testng.tests.DependenciesTest -->
