<?xml version="1.0" encoding="UTF-8"?>
<testsuite name="com.tutorial.testing.testng.tests.GroupsTest" tests="2" skipped="0" failures="0" errors="0" timestamp="2025-09-06T16:55:46" hostname="Chris-Dixon-MacBook-Pro.local" time="0.0">
  <properties/>
  <testcase name="deeperCheck" classname="com.tutorial.testing.testng.tests.GroupsTest" time="0.0"/>
  <testcase name="fastCheck" classname="com.tutorial.testing.testng.tests.GroupsTest" time="0.0"/>
  <system-out><![CDATA[]]></system-out>
  <system-err><![CDATA[]]></system-err>
</testsuite>
