<?xml version="1.0" encoding="UTF-8"?>
<testsuite name="com.tutorial.testing.testng.annotations.AnnotationsDemoTest" tests="2" skipped="0" failures="0" errors="0" timestamp="2025-09-06T13:56:25.827Z" hostname="Chris-Dixon-MacBook-Pro.local" time="0.001">
  <properties/>
  <testcase name="sampleTest1" classname="com.tutorial.testing.testng.annotations.AnnotationsDemoTest" time="0.0"/>
  <testcase name="sampleTest2" classname="com.tutorial.testing.testng.annotations.AnnotationsDemoTest" time="0.0"/>
  <system-out><![CDATA[@BeforeClass
@BeforeMethod
@Test sampleTest1
@AfterMethod
@BeforeMethod
@Test sampleTest2
@AfterMethod
]]></system-out>
  <system-err><![CDATA[]]></system-err>
</testsuite>
