<?xml version="1.0" encoding="UTF-8"?>
<testsuite name="com.tutorial.testing.testng.dependencies.DependenciesDemoTest" tests="2" skipped="0" failures="0" errors="0" timestamp="2025-09-06T13:56:22.261Z" hostname="Chris-Dixon-MacBook-Pro.local" time="3.57">
  <properties/>
  <testcase name="stepA" classname="com.tutorial.testing.testng.dependencies.DependenciesDemoTest" time="0.0"/>
  <testcase name="stepB" classname="com.tutorial.testing.testng.dependencies.DependenciesDemoTest" time="0.0"/>
  <system-out><![CDATA[stepA
stepB
]]></system-out>
  <system-err><![CDATA[]]></system-err>
</testsuite>
