<?xml version="1.0" encoding="UTF-8"?>
<testsuite name="com.tutorial.testing.testng.dataprovider.DataProviderDemoTest" tests="3" skipped="0" failures="0" errors="0" timestamp="2025-09-06T13:56:25.829Z" hostname="Chris-Dixon-MacBook-Pro.local" time="0.001">
  <properties/>
  <testcase name="add_isCorrect[0](2, 2, 4)" classname="com.tutorial.testing.testng.dataprovider.DataProviderDemoTest" time="0.0"/>
  <testcase name="add_isCorrect[1](3, 5, 8)" classname="com.tutorial.testing.testng.dataprovider.DataProviderDemoTest" time="0.0"/>
  <testcase name="add_isCorrect[2](-1, 1, 0)" classname="com.tutorial.testing.testng.dataprovider.DataProviderDemoTest" time="0.0"/>
  <system-out><![CDATA[]]></system-out>
  <system-err><![CDATA[]]></system-err>
</testsuite>
